# JRE version: OpenJDK Runtime Environment (11.0+28) (build 11+28)
# Java VM: OpenJDK 64-Bit Server VM (11+28, mixed mode, tiered, compressed oops, g1 gc, windows-amd64)
Heap:
 garbage-first heap   total 71680K, used 20003K [0x0000000080000000, 0x0000000100000000)
  region size 1024K, 1 young (1024K), 0 survivors (0K)
 Metaspace       used 30698K, capacity 31371K, committed 31536K, reserved 1077248K
  class space    used 3366K, capacity 3651K, committed 3712K, reserved 1048576K
GC Heap History (10 events):
Event: 1.528 GC heap before
{Heap before GC invocations=0 (full 0):
 garbage-first heap   total 131072K, used 34816K [0x0000000080000000, 0x0000000100000000)
  region size 1024K, 24 young (24576K), 0 survivors (0K)
 Metaspace       used 15386K, capacity 15759K, committed 16000K, reserved 1062912K
  class space    used 1656K, capacity 1835K, committed 1920K, reserved 1048576K
}
Event: 1.534 GC heap after
{Heap after GC invocations=1 (full 0):
 garbage-first heap   total 131072K, used 14264K [0x0000000080000000, 0x0000000100000000)
  region size 1024K, 3 young (3072K), 3 survivors (3072K)
 Metaspace       used 15386K, capacity 15759K, committed 16000K, reserved 1062912K
  class space    used 1656K, capacity 1835K, committed 1920K, reserved 1048576K
}
Event: 4.831 GC heap before
{Heap before GC invocations=1 (full 0):
 garbage-first heap   total 131072K, used 41912K [0x0000000080000000, 0x0000000100000000)
  region size 1024K, 31 young (31744K), 3 survivors (3072K)
 Metaspace       used 20665K, capacity 21129K, committed 21296K, reserved 1069056K
  class space    used 2234K, capacity 2431K, committed 2432K, reserved 1048576K
}
Event: 4.838 GC heap after
{Heap after GC invocations=2 (full 0):
 garbage-first heap   total 131072K, used 15772K [0x0000000080000000, 0x0000000100000000)
  region size 1024K, 5 young (5120K), 5 survivors (5120K)
 Metaspace       used 20665K, capacity 21129K, committed 21296K, reserved 1069056K
  class space    used 2234K, capacity 2431K, committed 2432K, reserved 1048576K
}
Event: 5.989 GC heap before
{Heap before GC invocations=3 (full 0):
 garbage-first heap   total 131072K, used 60828K [0x0000000080000000, 0x0000000100000000)
  region size 1024K, 39 young (39936K), 5 survivors (5120K)
 Metaspace       used 30523K, capacity 31171K, committed 31280K, reserved 1077248K
  class space    used 3360K, capacity 3649K, committed 3712K, reserved 1048576K
}
Event: 5.997 GC heap after
{Heap after GC invocations=4 (full 0):
 garbage-first heap   total 131072K, used 27609K [0x0000000080000000, 0x0000000100000000)
  region size 1024K, 5 young (5120K), 5 survivors (5120K)
 Metaspace       used 30523K, capacity 31171K, committed 31280K, reserved 1077248K
  class space    used 3360K, capacity 3649K, committed 3712K, reserved 1048576K
}
Event: 6.050 GC heap before
{Heap before GC invocations=4 (full 0):
 garbage-first heap   total 131072K, used 51161K [0x0000000080000000, 0x0000000100000000)
  region size 1024K, 29 young (29696K), 5 survivors (5120K)
 Metaspace       used 30535K, capacity 31171K, committed 31280K, reserved 1077248K
  class space    used 3360K, capacity 3649K, committed 3712K, reserved 1048576K
}
Event: 6.067 GC heap after
{Heap after GC invocations=5 (full 1):
 garbage-first heap   total 71680K, used 19880K [0x0000000080000000, 0x0000000100000000)
  region size 1024K, 0 young (0K), 0 survivors (0K)
 Metaspace       used 30535K, capacity 31171K, committed 31280K, reserved 1077248K
  class space    used 3360K, capacity 3649K, committed 3712K, reserved 1048576K
}
Event: 6.788 GC heap before
{Heap before GC invocations=5 (full 1):
 garbage-first heap   total 71680K, used 22952K [0x0000000080000000, 0x0000000100000000)
  region size 1024K, 4 young (4096K), 0 survivors (0K)
 Metaspace       used 30630K, capacity 31307K, committed 31536K, reserved 1077248K
  class space    used 3361K, capacity 3651K, committed 3712K, reserved 1048576K
}
Event: 6.804 GC heap after
{Heap after GC invocations=6 (full 2):
 garbage-first heap   total 71680K, used 20003K [0x0000000080000000, 0x0000000100000000)
  region size 1024K, 0 young (0K), 0 survivors (0K)
 Metaspace       used 30630K, capacity 31307K, committed 31536K, reserved 1077248K
  class space    used 3361K, capacity 3651K, committed 3712K, reserved 1048576K
}

